0 info it worked if it ends with ok
1 verbose cli [ '/usr/local/bin/node', '/usr/local/bin/npm', 'run', 'server' ]
2 info using npm@4.1.2
3 info using node@v7.6.0
4 verbose run-script [ 'preserver', 'server', 'postserver' ]
5 info lifecycle api-fake@1.0.0~preserver: api-fake@1.0.0
6 silly lifecycle api-fake@1.0.0~preserver: no script for preserver, continuing
7 info lifecycle api-fake@1.0.0~server: api-fake@1.0.0
8 verbose lifecycle api-fake@1.0.0~server: unsafe-perm in lifecycle true
9 verbose lifecycle api-fake@1.0.0~server: PATH: /usr/local/lib/node_modules/npm/bin/node-gyp-bin:/Users/francocedillo/files/projects/node/api-fake/node_modules/.bin:/Library/Frameworks/Python.framework/Versions/3.6/bin:/Library/Frameworks/Python.framework/Versions/2.7/bin:/Users/francocedillo/files/projects/python/npl007/google-cloud-sdk/bin:/Users/francocedillo/.rvm/gems/ruby-2.1.2/bin:/Users/francocedillo/.rvm/gems/ruby-2.1.2@global/bin:/Users/francocedillo/.rvm/rubies/ruby-2.1.2/bin:/Users/francocedillo/.cabal/bin:/Users/francocedillo/Library/Haskell/bin:/Users/francocedillo/.composer/vendor/bin:/Applications/XAMPP/xamppfiles/bin:/bin:/Users/francocedillo/bin:/Users/francocedillo/.local/bin:/usr/bin:/bin:/sbin:/usr/sbin:/usr/local/bin:/usr/local/bin:/usr/bin:/bin:/usr/sbin:/sbin:/opt/X11/bin:/usr/local/git/bin:/Users/francocedillo/.rvm/bin
10 verbose lifecycle api-fake@1.0.0~server: CWD: /Users/francocedillo/files/projects/node/api-fake
11 silly lifecycle api-fake@1.0.0~server: Args: [ '-c',
11 silly lifecycle   'json-server --watch ./db/aMEDdb.json --port 3004 --routes routes.json' ]
12 silly lifecycle api-fake@1.0.0~server: Returned: code: 1  signal: null
13 info lifecycle api-fake@1.0.0~server: Failed to exec server script
14 verbose stack Error: api-fake@1.0.0 server: `json-server --watch ./db/aMEDdb.json --port 3004 --routes routes.json`
14 verbose stack Exit status 1
14 verbose stack     at EventEmitter.<anonymous> (/usr/local/lib/node_modules/npm/lib/utils/lifecycle.js:279:16)
14 verbose stack     at emitTwo (events.js:106:13)
14 verbose stack     at EventEmitter.emit (events.js:192:7)
14 verbose stack     at ChildProcess.<anonymous> (/usr/local/lib/node_modules/npm/lib/utils/spawn.js:40:14)
14 verbose stack     at emitTwo (events.js:106:13)
14 verbose stack     at ChildProcess.emit (events.js:192:7)
14 verbose stack     at maybeClose (internal/child_process.js:890:16)
14 verbose stack     at Process.ChildProcess._handle.onexit (internal/child_process.js:226:5)
15 verbose pkgid api-fake@1.0.0
16 verbose cwd /Users/francocedillo/files/projects/node/api-fake
17 error Darwin 15.6.0
18 error argv "/usr/local/bin/node" "/usr/local/bin/npm" "run" "server"
19 error node v7.6.0
20 error npm  v4.1.2
21 error code ELIFECYCLE
22 error api-fake@1.0.0 server: `json-server --watch ./db/aMEDdb.json --port 3004 --routes routes.json`
22 error Exit status 1
23 error Failed at the api-fake@1.0.0 server script 'json-server --watch ./db/aMEDdb.json --port 3004 --routes routes.json'.
23 error Make sure you have the latest version of node.js and npm installed.
23 error If you do, this is most likely a problem with the api-fake package,
23 error not with npm itself.
23 error Tell the author that this fails on your system:
23 error     json-server --watch ./db/aMEDdb.json --port 3004 --routes routes.json
23 error You can get information on how to open an issue for this project with:
23 error     npm bugs api-fake
23 error Or if that isn't available, you can get their info via:
23 error     npm owner ls api-fake
23 error There is likely additional logging output above.
24 verbose exit [ 1, true ]
